running egg_info
creating ../../build/ros/ros.egg-info
writing ../../build/ros/ros.egg-info/PKG-INFO
writing dependency_links to ../../build/ros/ros.egg-info/dependency_links.txt
writing entry points to ../../build/ros/ros.egg-info/entry_points.txt
writing requirements to ../../build/ros/ros.egg-info/requires.txt
writing top-level names to ../../build/ros/ros.egg-info/top_level.txt
writing manifest file '../../build/ros/ros.egg-info/SOURCES.txt'
reading manifest file '../../build/ros/ros.egg-info/SOURCES.txt'
writing manifest file '../../build/ros/ros.egg-info/SOURCES.txt'
running build
running build_py
creating /home/avinaash/ros_cv/ros2/build/ros/build
creating /home/avinaash/ros_cv/ros2/build/ros/build/lib
creating /home/avinaash/ros_cv/ros2/build/ros/build/lib/ros
copying ros/__init__.py -> /home/avinaash/ros_cv/ros2/build/ros/build/lib/ros
running install
running install_lib
creating /home/avinaash/ros_cv/ros2/install/ros/lib/python3.8/site-packages/ros
copying /home/avinaash/ros_cv/ros2/build/ros/build/lib/ros/__init__.py -> /home/avinaash/ros_cv/ros2/install/ros/lib/python3.8/site-packages/ros
byte-compiling /home/avinaash/ros_cv/ros2/install/ros/lib/python3.8/site-packages/ros/__init__.py to __init__.cpython-38.pyc
running install_data
creating /home/avinaash/ros_cv/ros2/install/ros/share/ament_index
creating /home/avinaash/ros_cv/ros2/install/ros/share/ament_index/resource_index
creating /home/avinaash/ros_cv/ros2/install/ros/share/ament_index/resource_index/packages
copying resource/ros -> /home/avinaash/ros_cv/ros2/install/ros/share/ament_index/resource_index/packages
copying package.xml -> /home/avinaash/ros_cv/ros2/install/ros/share/ros
running install_egg_info
Copying ../../build/ros/ros.egg-info to /home/avinaash/ros_cv/ros2/install/ros/lib/python3.8/site-packages/ros-0.0.0-py3.8.egg-info
running install_scripts
writing list of installed files to '/home/avinaash/ros_cv/ros2/build/ros/install.log'
