[0.872s] Invoking command in '/home/avinaash/ros_cv/ros2/src/ros': PYTHONPATH=/home/avinaash/ros_cv/ros2/build/ros/prefix_override:/home/avinaash/ros_cv/ros2/install/ros/lib/python3.8/site-packages:${PYTHONPATH} /usr/bin/python3 -W ignore:setup.py install is deprecated setup.py egg_info --egg-base ../../build/ros build --build-base /home/avinaash/ros_cv/ros2/build/ros/build install --record /home/avinaash/ros_cv/ros2/build/ros/install.log --single-version-externally-managed install_data
[1.040s] running egg_info
[1.040s] creating ../../build/ros/ros.egg-info
[1.041s] writing ../../build/ros/ros.egg-info/PKG-INFO
[1.041s] writing dependency_links to ../../build/ros/ros.egg-info/dependency_links.txt
[1.041s] writing entry points to ../../build/ros/ros.egg-info/entry_points.txt
[1.042s] writing requirements to ../../build/ros/ros.egg-info/requires.txt
[1.042s] writing top-level names to ../../build/ros/ros.egg-info/top_level.txt
[1.046s] writing manifest file '../../build/ros/ros.egg-info/SOURCES.txt'
[1.068s] reading manifest file '../../build/ros/ros.egg-info/SOURCES.txt'
[1.068s] writing manifest file '../../build/ros/ros.egg-info/SOURCES.txt'
[1.069s] running build
[1.069s] running build_py
[1.069s] creating /home/avinaash/ros_cv/ros2/build/ros/build
[1.070s] creating /home/avinaash/ros_cv/ros2/build/ros/build/lib
[1.070s] creating /home/avinaash/ros_cv/ros2/build/ros/build/lib/ros
[1.070s] copying ros/__init__.py -> /home/avinaash/ros_cv/ros2/build/ros/build/lib/ros
[1.070s] running install
[1.070s] running install_lib
[1.070s] creating /home/avinaash/ros_cv/ros2/install/ros/lib/python3.8/site-packages/ros
[1.071s] copying /home/avinaash/ros_cv/ros2/build/ros/build/lib/ros/__init__.py -> /home/avinaash/ros_cv/ros2/install/ros/lib/python3.8/site-packages/ros
[1.071s] byte-compiling /home/avinaash/ros_cv/ros2/install/ros/lib/python3.8/site-packages/ros/__init__.py to __init__.cpython-38.pyc
[1.071s] running install_data
[1.071s] creating /home/avinaash/ros_cv/ros2/install/ros/share/ament_index
[1.071s] creating /home/avinaash/ros_cv/ros2/install/ros/share/ament_index/resource_index
[1.072s] creating /home/avinaash/ros_cv/ros2/install/ros/share/ament_index/resource_index/packages
[1.072s] copying resource/ros -> /home/avinaash/ros_cv/ros2/install/ros/share/ament_index/resource_index/packages
[1.072s] copying package.xml -> /home/avinaash/ros_cv/ros2/install/ros/share/ros
[1.072s] running install_egg_info
[1.072s] Copying ../../build/ros/ros.egg-info to /home/avinaash/ros_cv/ros2/install/ros/lib/python3.8/site-packages/ros-0.0.0-py3.8.egg-info
[1.072s] running install_scripts
[1.083s] writing list of installed files to '/home/avinaash/ros_cv/ros2/build/ros/install.log'
[1.103s] Invoked command in '/home/avinaash/ros_cv/ros2/src/ros' returned '0': PYTHONPATH=/home/avinaash/ros_cv/ros2/build/ros/prefix_override:/home/avinaash/ros_cv/ros2/install/ros/lib/python3.8/site-packages:${PYTHONPATH} /usr/bin/python3 -W ignore:setup.py install is deprecated setup.py egg_info --egg-base ../../build/ros build --build-base /home/avinaash/ros_cv/ros2/build/ros/build install --record /home/avinaash/ros_cv/ros2/build/ros/install.log --single-version-externally-managed install_data
