running egg_info
creating ../../build/ros_vision/ros_vision.egg-info
writing ../../build/ros_vision/ros_vision.egg-info/PKG-INFO
writing dependency_links to ../../build/ros_vision/ros_vision.egg-info/dependency_links.txt
writing entry points to ../../build/ros_vision/ros_vision.egg-info/entry_points.txt
writing requirements to ../../build/ros_vision/ros_vision.egg-info/requires.txt
writing top-level names to ../../build/ros_vision/ros_vision.egg-info/top_level.txt
writing manifest file '../../build/ros_vision/ros_vision.egg-info/SOURCES.txt'
reading manifest file '../../build/ros_vision/ros_vision.egg-info/SOURCES.txt'
writing manifest file '../../build/ros_vision/ros_vision.egg-info/SOURCES.txt'
running build
running build_py
creating /home/avinaash/ros_cv/ros2/build/ros_vision/build
creating /home/avinaash/ros_cv/ros2/build/ros_vision/build/lib
creating /home/avinaash/ros_cv/ros2/build/ros_vision/build/lib/ros_vision
copying ros_vision/__init__.py -> /home/avinaash/ros_cv/ros2/build/ros_vision/build/lib/ros_vision
running install
running install_lib
creating /home/avinaash/ros_cv/ros2/install/ros_vision/lib/python3.8/site-packages/ros_vision
copying /home/avinaash/ros_cv/ros2/build/ros_vision/build/lib/ros_vision/__init__.py -> /home/avinaash/ros_cv/ros2/install/ros_vision/lib/python3.8/site-packages/ros_vision
byte-compiling /home/avinaash/ros_cv/ros2/install/ros_vision/lib/python3.8/site-packages/ros_vision/__init__.py to __init__.cpython-38.pyc
running install_data
creating /home/avinaash/ros_cv/ros2/install/ros_vision/share/ament_index
creating /home/avinaash/ros_cv/ros2/install/ros_vision/share/ament_index/resource_index
creating /home/avinaash/ros_cv/ros2/install/ros_vision/share/ament_index/resource_index/packages
copying resource/ros_vision -> /home/avinaash/ros_cv/ros2/install/ros_vision/share/ament_index/resource_index/packages
copying package.xml -> /home/avinaash/ros_cv/ros2/install/ros_vision/share/ros_vision
running install_egg_info
Copying ../../build/ros_vision/ros_vision.egg-info to /home/avinaash/ros_cv/ros2/install/ros_vision/lib/python3.8/site-packages/ros_vision-0.0.0-py3.8.egg-info
running install_scripts
writing list of installed files to '/home/avinaash/ros_cv/ros2/build/ros_vision/install.log'
